<?xml version="1.0" encoding="UTF-8"?>
<!-- Generated by org.testng.reporters.JUnitXMLReporter -->
<testsuite ignored="0" hostname="LAPTOP-PNF4E3BC" failures="0" tests="3" name="Default test" time="1.013" errors="0" timestamp="2024-04-08T12:08:48 IST">
  <testcase classname="TestNG.ExcelTestScriptTest" name="getData" time="0.01"/>
  <testcase classname="TestNG.ExcelTestScriptTest" name="getData" time="0.001"/>
  <testcase classname="TestNG.ExcelTestScriptTest" name="getData" time="0.002"/>
</testsuite> <!-- Default test -->
