<?xml version="1.0" encoding="UTF-8"?>
<testng-results ignored="0" total="3" passed="3" failed="0" skipped="0">
  <reporter-output>
  </reporter-output>
  <suite started-at="2024-04-08T12:08:47 IST" name="Default suite" finished-at="2024-04-08T12:08:48 IST" duration-ms="1013">
    <groups>
    </groups>
    <test started-at="2024-04-08T12:08:47 IST" name="Default test" finished-at="2024-04-08T12:08:48 IST" duration-ms="1013">
      <class name="TestNG.ExcelTestScriptTest">
        <test-method signature="getData(java.lang.String,java.lang.String,java.lang.String,java.lang.String)[pri:0, instance:TestNG.ExcelTestScriptTest@65c7a252]" started-at="2024-04-08T12:08:48 IST" name="getData" data-provider="readdatafromexcel" finished-at="2024-04-08T12:08:48 IST" duration-ms="10" status="PASS">
          <params>
            <param index="0">
              <value>
                <![CDATA[Qspiders]]>
              </value>
            </param>
            <param index="1">
              <value>
                <![CDATA[Bangalore]]>
              </value>
            </param>
            <param index="2">
              <value>
                <![CDATA[Mannual]]>
              </value>
            </param>
            <param index="3">
              <value>
                <![CDATA[30000]]>
              </value>
            </param>
          </params>
          <reporter-output>
          </reporter-output>
        </test-method> <!-- getData -->
        <test-method signature="getData(java.lang.String,java.lang.String,java.lang.String,java.lang.String)[pri:0, instance:TestNG.ExcelTestScriptTest@65c7a252]" started-at="2024-04-08T12:08:48 IST" name="getData" data-provider="readdatafromexcel" finished-at="2024-04-08T12:08:48 IST" duration-ms="1" status="PASS">
          <params>
            <param index="0">
              <value>
                <![CDATA[Jspiders]]>
              </value>
            </param>
            <param index="1">
              <value>
                <![CDATA[Hyderabad]]>
              </value>
            </param>
            <param index="2">
              <value>
                <![CDATA[Java]]>
              </value>
            </param>
            <param index="3">
              <value>
                <![CDATA[40000]]>
              </value>
            </param>
          </params>
          <reporter-output>
          </reporter-output>
        </test-method> <!-- getData -->
        <test-method signature="getData(java.lang.String,java.lang.String,java.lang.String,java.lang.String)[pri:0, instance:TestNG.ExcelTestScriptTest@65c7a252]" started-at="2024-04-08T12:08:48 IST" name="getData" data-provider="readdatafromexcel" finished-at="2024-04-08T12:08:48 IST" duration-ms="2" status="PASS">
          <params>
            <param index="0">
              <value>
                <![CDATA[Prospiders]]>
              </value>
            </param>
            <param index="1">
              <value>
                <![CDATA[Mysore]]>
              </value>
            </param>
            <param index="2">
              <value>
                <![CDATA[Python]]>
              </value>
            </param>
            <param index="3">
              <value>
                <![CDATA[35000]]>
              </value>
            </param>
          </params>
          <reporter-output>
          </reporter-output>
        </test-method> <!-- getData -->
      </class> <!-- TestNG.ExcelTestScriptTest -->
    </test> <!-- Default test -->
  </suite> <!-- Default suite -->
</testng-results>
